\BOOKMARK [1][-]{section*.2}{\376\377\144\130\211\201}{}% 1
\BOOKMARK [1][-]{section.1}{\376\377\137\025\212\000\202\007\170\024\172\166\212\055\212\010}{}% 2
\BOOKMARK [2][-]{subsection.1.1}{\376\377\170\024\172\166\200\314\146\157\202\007\122\325\152\137}{section.1}% 3
\BOOKMARK [2][-]{subsection.1.2}{\376\377\170\024\172\166\125\117\230\114\202\007\214\242\163\173}{section.1}% 4
\BOOKMARK [2][-]{subsection.1.3}{\376\377\145\271\154\325\202\007\214\307\145\231}{section.1}% 5
\BOOKMARK [1][-]{section.2}{\376\377\145\207\163\173\126\336\230\147\202\007\164\006\212\326\147\266\151\313}{}% 6
\BOOKMARK [2][-]{subsection.2.1}{\376\377\116\011\121\103\116\015\123\357\200\375\202\007\123\057\163\207\122\066\136\246\220\170\144\307}{section.2}% 7
\BOOKMARK [2][-]{subsection.2.2}{\376\377\220\032\201\250\230\020\147\037\202\007\214\250\136\143\146\377\116\343}{section.2}% 8
\BOOKMARK [2][-]{subsection.2.3}{\376\377\131\032\221\315\123\057\163\207\202\007\214\307\147\054\173\241\122\066}{section.2}% 9
\BOOKMARK [2][-]{subsection.2.4}{\376\377\177\216\121\103\123\026\164\006\212\326\123\326\137\221}{section.2}% 10
\BOOKMARK [1][-]{section.3}{\376\377\145\077\173\126\202\007\122\066\136\246\157\024\220\062\377\010\0002\0000\0001\0005\040\023\201\363\116\312\377\011}{}% 11
\BOOKMARK [2][-]{subsection.3.1}{\376\377\231\254\121\113\221\314\145\077\136\234\377\010\0002\0000\0001\0005\040\023\0002\0000\0001\0009\377\011}{section.3}% 12
\BOOKMARK [2][-]{subsection.3.2}{\376\377\214\273\162\076\123\127\137\267\145\257\145\077\136\234\377\010\0002\0000\0001\0009\040\023\0002\0000\0002\0003\377\011}{section.3}% 13
\BOOKMARK [2][-]{subsection.3.3}{\376\377\174\163\226\367\117\012\145\077\136\234\377\010\0002\0000\0002\0003\040\023\377\011}{section.3}% 14
\BOOKMARK [1][-]{section.4}{\376\377\123\057\163\207\040\024\220\032\201\250\040\024\131\026\121\062\377\032\120\263\134\016\152\137\122\066\202\007\211\300\133\337}{}% 15
\BOOKMARK [2][-]{subsection.4.1}{\376\377\143\007\152\031\202\007\117\206\156\220}{section.4}% 16
\BOOKMARK [2][-]{subsection.4.2}{\376\377\143\317\217\360\140\047\146\102\136\217\202\007\225\334\200\157}{section.4}% 17
\BOOKMARK [1][-]{section.5}{\376\377\131\032\221\315\123\057\163\207\202\007\177\216\121\103\123\026\116\113\212\125\117\060}{}% 18
\BOOKMARK [2][-]{subsection.5.1}{\376\377\131\032\221\315\123\057\163\207\166\204\122\325\152\137\202\007\142\020\147\054}{section.5}% 19
\BOOKMARK [2][-]{subsection.5.2}{\376\377\177\216\121\103\123\026\220\170\230\005\202\007\150\235\116\366}{section.5}% 20
\BOOKMARK [2][-]{subsection.5.3}{\376\377\127\013\226\233\175\223\232\127\134\015\161\147}{section.5}% 21
\BOOKMARK [1][-]{section.6}{\376\377\171\076\147\003\202\007\165\042\151\155\137\161\227\377}{}% 22
\BOOKMARK [1][-]{section.7}{\376\377\127\013\226\233\153\324\217\003\202\007\123\357\171\373\151\015\175\223\232\127}{}% 23
\BOOKMARK [1][-]{section.8}{\376\377\145\077\173\126\140\305\130\203\202\007\230\250\226\252\167\351\226\143}{}% 24
\BOOKMARK [2][-]{subsection.8.1}{\376\377\127\372\156\226\140\305\130\203\377\010\145\077\173\126\220\043\214\253\377\011}{section.8}% 25
\BOOKMARK [2][-]{subsection.8.2}{\376\377\140\262\211\300\140\305\130\203\377\010\175\000\137\213\233\006\122\325\377\017\131\026\220\350\210\135\144\312\377\011}{section.8}% 26
\BOOKMARK [2][-]{subsection.8.3}{\376\377\152\002\211\300\140\305\130\203\377\010\145\071\227\151\155\361\123\026\377\017\131\026\227\000\145\071\125\204\377\011}{section.8}% 27
\BOOKMARK [1][-]{section.9}{\376\377\214\307\145\231\210\150\202\007\134\015\161\147}{}% 28
\BOOKMARK [2][-]{subsection*.6}{\376\377\210\150\116\000\377\032\0002\0000\0001\0005\040\023\0002\0000\0002\0005\000\040\123\057\163\207\060\001\220\032\201\250\202\007\131\026\121\062\213\212\123\026}{section.9}% 29
\BOOKMARK [2][-]{subsection*.7}{\376\377\210\150\116\214\377\032\0002\0000\0001\0005\040\023\0002\0000\0002\0005\000\040\171\076\147\003\143\007\152\031\213\212\123\026}{section.9}% 30
\BOOKMARK [2][-]{subsection*.8}{\376\377\177\216\121\103\123\026\150\110\117\213\153\324\217\003}{section.9}% 31
\BOOKMARK [1][-]{section.10}{\376\377\175\120\212\326\202\007\145\077\173\126\136\372\213\160}{}% 32
\BOOKMARK [1][-]{section*.9}{\376\377\123\303\200\003\214\307\145\231}{}% 33
